<?xml version="1.0" encoding="UTF-8"?>
<!-- Generated by org.testng.reporters.JUnitReportReporter -->
<testsuite hostname="Madhanraj" failures="0" tests="1" name="comactitime.testscript.CreateCustomer" time="2.087" errors="0" timestamp="2024-02-22T14:33:24 IST" skipped="0">
  <testcase classname="comactitime.testscript.CreateCustomer" name="testCreateCustomer" time="2.087"/>
  <system-out/>
</testsuite> <!-- comactitime.testscript.CreateCustomer -->
