<?xml version="1.0" encoding="UTF-8"?>
<!-- Generated by org.testng.reporters.JUnitReportReporter -->
<testsuite hostname="Madhanraj" failures="0" tests="1" name="com.actitime.generic.DemoTest" time="0.012" errors="0" timestamp="2024-02-06T23:03:20 IST" skipped="0">
  <testcase classname="com.actitime.generic.DemoTest" name="testmethod" time="0.012"/>
  <system-out>
    <![CDATA[welcome to testing]]>
  </system-out>
</testsuite> <!-- com.actitime.generic.DemoTest -->
